{"C:\\Users\\user\\Documents\\AmaliTechTraining\\Labs\\music-player\\scripts.js": {"path":"C:\\Users\\user\\Documents\\AmaliTechTraining\\Labs\\music-player\\scripts.js","statementMap":{"0":{"start":{"line":1,"column":19},"end":{"line":37,"column":1}},"1":{"start":{"line":40,"column":4},"end":{"line":40,"column":21}},"2":{"start":{"line":45,"column":23},"end":{"line":45,"column":64}},"3":{"start":{"line":46,"column":19},"end":{"line":46,"column":56}},"4":{"start":{"line":47,"column":18},"end":{"line":47,"column":54}},"5":{"start":{"line":48,"column":19},"end":{"line":48,"column":56}},"6":{"start":{"line":49,"column":21},"end":{"line":49,"column":60}},"7":{"start":{"line":50,"column":20},"end":{"line":50,"column":58}},"8":{"start":{"line":51,"column":20},"end":{"line":51,"column":58}},"9":{"start":{"line":52,"column":18},"end":{"line":52,"column":54}},"10":{"start":{"line":53,"column":21},"end":{"line":53,"column":60}},"11":{"start":{"line":54,"column":19},"end":{"line":54,"column":56}},"12":{"start":{"line":55,"column":18},"end":{"line":55,"column":54}},"13":{"start":{"line":56,"column":16},"end":{"line":56,"column":50}},"14":{"start":{"line":57,"column":16},"end":{"line":57,"column":50}},"15":{"start":{"line":58,"column":24},"end":{"line":58,"column":66}},"16":{"start":{"line":59,"column":22},"end":{"line":59,"column":62}},"17":{"start":{"line":61,"column":4},"end":{"line":61,"column":50}},"18":{"start":{"line":64,"column":0},"end":{"line":64,"column":75}},"19":{"start":{"line":64,"column":17},"end":{"line":64,"column":75}},"20":{"start":{"line":67,"column":20},"end":{"line":67,"column":57}},"21":{"start":{"line":68,"column":24},"end":{"line":68,"column":66}},"22":{"start":{"line":69,"column":25},"end":{"line":69,"column":68}},"23":{"start":{"line":70,"column":19},"end":{"line":70,"column":56}},"24":{"start":{"line":71,"column":26},"end":{"line":71,"column":70}},"25":{"start":{"line":72,"column":26},"end":{"line":72,"column":70}},"26":{"start":{"line":73,"column":24},"end":{"line":73,"column":66}},"27":{"start":{"line":74,"column":27},"end":{"line":74,"column":72}},"28":{"start":{"line":75,"column":22},"end":{"line":75,"column":62}},"29":{"start":{"line":76,"column":22},"end":{"line":76,"column":62}},"30":{"start":{"line":77,"column":28},"end":{"line":77,"column":74}},"31":{"start":{"line":80,"column":21},"end":{"line":80,"column":60}},"32":{"start":{"line":81,"column":17},"end":{"line":81,"column":52}},"33":{"start":{"line":82,"column":24},"end":{"line":82,"column":66}},"34":{"start":{"line":83,"column":22},"end":{"line":83,"column":62}},"35":{"start":{"line":84,"column":18},"end":{"line":84,"column":54}},"36":{"start":{"line":85,"column":18},"end":{"line":85,"column":54}},"37":{"start":{"line":86,"column":19},"end":{"line":86,"column":56}},"38":{"start":{"line":87,"column":25},"end":{"line":87,"column":68}},"39":{"start":{"line":91,"column":23},"end":{"line":91,"column":24}},"40":{"start":{"line":92,"column":16},"end":{"line":92,"column":21}},"41":{"start":{"line":93,"column":23},"end":{"line":93,"column":24}},"42":{"start":{"line":94,"column":18},"end":{"line":94,"column":23}},"43":{"start":{"line":95,"column":18},"end":{"line":95,"column":23}},"44":{"start":{"line":100,"column":4},"end":{"line":100,"column":22}},"45":{"start":{"line":101,"column":4},"end":{"line":101,"column":21}},"46":{"start":{"line":102,"column":4},"end":{"line":102,"column":25}},"47":{"start":{"line":103,"column":4},"end":{"line":103,"column":26}},"48":{"start":{"line":108,"column":17},"end":{"line":108,"column":40}},"49":{"start":{"line":111,"column":4},"end":{"line":111,"column":32}},"50":{"start":{"line":112,"column":4},"end":{"line":112,"column":39}},"51":{"start":{"line":113,"column":4},"end":{"line":113,"column":41}},"52":{"start":{"line":114,"column":4},"end":{"line":114,"column":36}},"53":{"start":{"line":115,"column":4},"end":{"line":115,"column":36}},"54":{"start":{"line":116,"column":4},"end":{"line":116,"column":41}},"55":{"start":{"line":117,"column":4},"end":{"line":117,"column":54}},"56":{"start":{"line":118,"column":4},"end":{"line":118,"column":59}},"57":{"start":{"line":122,"column":4},"end":{"line":122,"column":29}},"58":{"start":{"line":125,"column":4},"end":{"line":125,"column":45}},"59":{"start":{"line":126,"column":4},"end":{"line":126,"column":47}},"60":{"start":{"line":127,"column":4},"end":{"line":127,"column":42}},"61":{"start":{"line":128,"column":4},"end":{"line":128,"column":47}},"62":{"start":{"line":129,"column":4},"end":{"line":129,"column":60}},"63":{"start":{"line":130,"column":4},"end":{"line":130,"column":65}},"64":{"start":{"line":133,"column":4},"end":{"line":133,"column":19}},"65":{"start":{"line":136,"column":4},"end":{"line":136,"column":31}},"66":{"start":{"line":137,"column":4},"end":{"line":137,"column":39}},"67":{"start":{"line":138,"column":4},"end":{"line":138,"column":41}},"68":{"start":{"line":143,"column":4},"end":{"line":143,"column":28}},"69":{"start":{"line":145,"column":4},"end":{"line":164,"column":7}},"70":{"start":{"line":146,"column":25},"end":{"line":146,"column":54}},"71":{"start":{"line":147,"column":8},"end":{"line":147,"column":87}},"72":{"start":{"line":148,"column":8},"end":{"line":148,"column":39}},"73":{"start":{"line":150,"column":8},"end":{"line":161,"column":10}},"74":{"start":{"line":163,"column":8},"end":{"line":163,"column":39}},"75":{"start":{"line":167,"column":22},"end":{"line":167,"column":61}},"76":{"start":{"line":168,"column":4},"end":{"line":179,"column":7}},"77":{"start":{"line":169,"column":8},"end":{"line":178,"column":11}},"78":{"start":{"line":170,"column":12},"end":{"line":177,"column":13}},"79":{"start":{"line":171,"column":30},"end":{"line":171,"column":58}},"80":{"start":{"line":172,"column":16},"end":{"line":172,"column":41}},"81":{"start":{"line":173,"column":16},"end":{"line":173,"column":37}},"82":{"start":{"line":174,"column":16},"end":{"line":174,"column":34}},"83":{"start":{"line":175,"column":16},"end":{"line":175,"column":27}},"84":{"start":{"line":176,"column":16},"end":{"line":176,"column":42}},"85":{"start":{"line":182,"column":24},"end":{"line":182,"column":62}},"86":{"start":{"line":183,"column":4},"end":{"line":189,"column":7}},"87":{"start":{"line":184,"column":8},"end":{"line":188,"column":11}},"88":{"start":{"line":185,"column":12},"end":{"line":185,"column":32}},"89":{"start":{"line":186,"column":27},"end":{"line":186,"column":54}},"90":{"start":{"line":187,"column":12},"end":{"line":187,"column":30}},"91":{"start":{"line":194,"column":17},"end":{"line":194,"column":40}},"92":{"start":{"line":196,"column":4},"end":{"line":206,"column":5}},"93":{"start":{"line":197,"column":8},"end":{"line":197,"column":34}},"94":{"start":{"line":198,"column":8},"end":{"line":203,"column":11}},"95":{"start":{"line":199,"column":22},"end":{"line":199,"column":49}},"96":{"start":{"line":200,"column":12},"end":{"line":200,"column":33}},"97":{"start":{"line":201,"column":12},"end":{"line":201,"column":58}},"98":{"start":{"line":201,"column":29},"end":{"line":201,"column":58}},"99":{"start":{"line":202,"column":12},"end":{"line":202,"column":38}},"100":{"start":{"line":205,"column":8},"end":{"line":205,"column":93}},"101":{"start":{"line":211,"column":22},"end":{"line":211,"column":65}},"102":{"start":{"line":211,"column":46},"end":{"line":211,"column":64}},"103":{"start":{"line":213,"column":4},"end":{"line":216,"column":5}},"104":{"start":{"line":214,"column":8},"end":{"line":214,"column":57}},"105":{"start":{"line":215,"column":8},"end":{"line":215,"column":25}},"106":{"start":{"line":221,"column":17},"end":{"line":221,"column":41}},"107":{"start":{"line":222,"column":17},"end":{"line":222,"column":41}},"108":{"start":{"line":223,"column":4},"end":{"line":223,"column":50}},"109":{"start":{"line":227,"column":4},"end":{"line":227,"column":21}},"110":{"start":{"line":228,"column":4},"end":{"line":228,"column":28}},"111":{"start":{"line":229,"column":4},"end":{"line":229,"column":29}},"112":{"start":{"line":232,"column":4},"end":{"line":232,"column":20}},"113":{"start":{"line":235,"column":4},"end":{"line":247,"column":12}},"114":{"start":{"line":236,"column":8},"end":{"line":246,"column":9}},"115":{"start":{"line":237,"column":12},"end":{"line":237,"column":31}},"116":{"start":{"line":238,"column":12},"end":{"line":238,"column":33}},"117":{"start":{"line":240,"column":12},"end":{"line":245,"column":13}},"118":{"start":{"line":241,"column":16},"end":{"line":241,"column":37}},"119":{"start":{"line":242,"column":16},"end":{"line":242,"column":37}},"120":{"start":{"line":244,"column":16},"end":{"line":244,"column":27}},"121":{"start":{"line":252,"column":4},"end":{"line":252,"column":22}},"122":{"start":{"line":253,"column":4},"end":{"line":253,"column":29}},"123":{"start":{"line":254,"column":4},"end":{"line":254,"column":29}},"124":{"start":{"line":255,"column":4},"end":{"line":255,"column":34}},"125":{"start":{"line":260,"column":4},"end":{"line":268,"column":5}},"126":{"start":{"line":262,"column":8},"end":{"line":264,"column":68}},"127":{"start":{"line":263,"column":12},"end":{"line":263,"column":65}},"128":{"start":{"line":265,"column":8},"end":{"line":265,"column":37}},"129":{"start":{"line":267,"column":8},"end":{"line":267,"column":65}},"130":{"start":{"line":270,"column":4},"end":{"line":270,"column":25}},"131":{"start":{"line":271,"column":4},"end":{"line":271,"column":22}},"132":{"start":{"line":272,"column":4},"end":{"line":272,"column":30}},"133":{"start":{"line":272,"column":19},"end":{"line":272,"column":30}},"134":{"start":{"line":277,"column":4},"end":{"line":283,"column":5}},"135":{"start":{"line":279,"column":8},"end":{"line":279,"column":29}},"136":{"start":{"line":282,"column":8},"end":{"line":282,"column":80}},"137":{"start":{"line":285,"column":4},"end":{"line":285,"column":22}},"138":{"start":{"line":286,"column":4},"end":{"line":286,"column":30}},"139":{"start":{"line":286,"column":19},"end":{"line":286,"column":30}},"140":{"start":{"line":291,"column":21},"end":{"line":291,"column":51}},"141":{"start":{"line":292,"column":22},"end":{"line":292,"column":53}},"142":{"start":{"line":294,"column":4},"end":{"line":294,"column":62}},"143":{"start":{"line":295,"column":4},"end":{"line":295,"column":68}},"144":{"start":{"line":296,"column":4},"end":{"line":296,"column":66}},"145":{"start":{"line":301,"column":4},"end":{"line":301,"column":41}},"146":{"start":{"line":302,"column":4},"end":{"line":302,"column":47}},"147":{"start":{"line":303,"column":4},"end":{"line":303,"column":59}},"148":{"start":{"line":304,"column":4},"end":{"line":304,"column":65}},"149":{"start":{"line":310,"column":4},"end":{"line":310,"column":46}},"150":{"start":{"line":311,"column":4},"end":{"line":311,"column":42}},"151":{"start":{"line":312,"column":4},"end":{"line":312,"column":44}},"152":{"start":{"line":315,"column":4},"end":{"line":315,"column":60}},"153":{"start":{"line":321,"column":4},"end":{"line":321,"column":60}},"154":{"start":{"line":322,"column":4},"end":{"line":322,"column":66}},"155":{"start":{"line":323,"column":4},"end":{"line":323,"column":64}},"156":{"start":{"line":324,"column":4},"end":{"line":326,"column":6}},"157":{"start":{"line":325,"column":8},"end":{"line":325,"column":60}},"158":{"start":{"line":329,"column":4},"end":{"line":329,"column":48}},"159":{"start":{"line":330,"column":4},"end":{"line":330,"column":48}},"160":{"start":{"line":331,"column":4},"end":{"line":331,"column":54}},"161":{"start":{"line":332,"column":4},"end":{"line":332,"column":54}},"162":{"start":{"line":335,"column":4},"end":{"line":335,"column":78}},"163":{"start":{"line":335,"column":52},"end":{"line":335,"column":76}},"164":{"start":{"line":336,"column":4},"end":{"line":336,"column":74}},"165":{"start":{"line":336,"column":50},"end":{"line":336,"column":72}},"166":{"start":{"line":337,"column":4},"end":{"line":337,"column":84}},"167":{"start":{"line":337,"column":56},"end":{"line":337,"column":82}},"168":{"start":{"line":338,"column":4},"end":{"line":338,"column":80}},"169":{"start":{"line":338,"column":52},"end":{"line":338,"column":78}},"170":{"start":{"line":341,"column":4},"end":{"line":341,"column":64}},"171":{"start":{"line":342,"column":4},"end":{"line":342,"column":70}},"172":{"start":{"line":345,"column":4},"end":{"line":345,"column":56}},"173":{"start":{"line":346,"column":4},"end":{"line":346,"column":54}},"174":{"start":{"line":351,"column":4},"end":{"line":355,"column":5}},"175":{"start":{"line":352,"column":8},"end":{"line":352,"column":20}},"176":{"start":{"line":354,"column":8},"end":{"line":354,"column":19}},"177":{"start":{"line":360,"column":4},"end":{"line":360,"column":48}},"178":{"start":{"line":361,"column":4},"end":{"line":361,"column":25}},"179":{"start":{"line":366,"column":4},"end":{"line":366,"column":31}},"180":{"start":{"line":367,"column":4},"end":{"line":367,"column":65}},"181":{"start":{"line":372,"column":4},"end":{"line":372,"column":31}},"182":{"start":{"line":373,"column":4},"end":{"line":373,"column":64}},"183":{"start":{"line":379,"column":0},"end":{"line":379,"column":56}},"184":{"start":{"line":381,"column":27},"end":{"line":385,"column":1}}},"fnMap":{"0":{"name":"setSongs","decl":{"start":{"line":39,"column":16},"end":{"line":39,"column":24}},"loc":{"start":{"line":39,"column":35},"end":{"line":41,"column":1}},"line":39},"1":{"name":"getAudioPlayer","decl":{"start":{"line":60,"column":9},"end":{"line":60,"column":23}},"loc":{"start":{"line":60,"column":26},"end":{"line":62,"column":1}},"line":60},"2":{"name":"initPlayer","decl":{"start":{"line":99,"column":9},"end":{"line":99,"column":19}},"loc":{"start":{"line":99,"column":22},"end":{"line":104,"column":1}},"line":99},"3":{"name":"loadCurrentSong","decl":{"start":{"line":107,"column":16},"end":{"line":107,"column":31}},"loc":{"start":{"line":107,"column":34},"end":{"line":139,"column":1}},"line":107},"4":{"name":"renderPlaylist","decl":{"start":{"line":142,"column":9},"end":{"line":142,"column":23}},"loc":{"start":{"line":142,"column":26},"end":{"line":190,"column":1}},"line":142},"5":{"name":"(anonymous_5)","decl":{"start":{"line":145,"column":18},"end":{"line":145,"column":19}},"loc":{"start":{"line":145,"column":35},"end":{"line":164,"column":5}},"line":145},"6":{"name":"(anonymous_6)","decl":{"start":{"line":168,"column":22},"end":{"line":168,"column":23}},"loc":{"start":{"line":168,"column":30},"end":{"line":179,"column":5}},"line":168},"7":{"name":"(anonymous_7)","decl":{"start":{"line":169,"column":39},"end":{"line":169,"column":40}},"loc":{"start":{"line":169,"column":46},"end":{"line":178,"column":9}},"line":169},"8":{"name":"(anonymous_8)","decl":{"start":{"line":183,"column":24},"end":{"line":183,"column":25}},"loc":{"start":{"line":183,"column":34},"end":{"line":189,"column":5}},"line":183},"9":{"name":"(anonymous_9)","decl":{"start":{"line":184,"column":41},"end":{"line":184,"column":42}},"loc":{"start":{"line":184,"column":48},"end":{"line":188,"column":9}},"line":184},"10":{"name":"renderLyrics","decl":{"start":{"line":193,"column":9},"end":{"line":193,"column":21}},"loc":{"start":{"line":193,"column":24},"end":{"line":207,"column":1}},"line":193},"11":{"name":"(anonymous_11)","decl":{"start":{"line":198,"column":28},"end":{"line":198,"column":29}},"loc":{"start":{"line":198,"column":45},"end":{"line":203,"column":9}},"line":198},"12":{"name":"toggleLike","decl":{"start":{"line":210,"column":9},"end":{"line":210,"column":19}},"loc":{"start":{"line":210,"column":28},"end":{"line":217,"column":1}},"line":210},"13":{"name":"(anonymous_13)","decl":{"start":{"line":211,"column":38},"end":{"line":211,"column":39}},"loc":{"start":{"line":211,"column":46},"end":{"line":211,"column":64}},"line":211},"14":{"name":"formatTime","decl":{"start":{"line":220,"column":9},"end":{"line":220,"column":19}},"loc":{"start":{"line":220,"column":29},"end":{"line":224,"column":1}},"line":220},"15":{"name":"playSong","decl":{"start":{"line":226,"column":16},"end":{"line":226,"column":24}},"loc":{"start":{"line":226,"column":27},"end":{"line":248,"column":1}},"line":226},"16":{"name":"(anonymous_16)","decl":{"start":{"line":235,"column":33},"end":{"line":235,"column":34}},"loc":{"start":{"line":235,"column":39},"end":{"line":247,"column":5}},"line":235},"17":{"name":"pauseSong","decl":{"start":{"line":251,"column":16},"end":{"line":251,"column":25}},"loc":{"start":{"line":251,"column":28},"end":{"line":256,"column":1}},"line":251},"18":{"name":"nextSong","decl":{"start":{"line":259,"column":16},"end":{"line":259,"column":24}},"loc":{"start":{"line":259,"column":27},"end":{"line":273,"column":1}},"line":259},"19":{"name":"prevSong","decl":{"start":{"line":276,"column":16},"end":{"line":276,"column":24}},"loc":{"start":{"line":276,"column":27},"end":{"line":287,"column":1}},"line":276},"20":{"name":"updatePlayPauseButtons","decl":{"start":{"line":290,"column":9},"end":{"line":290,"column":31}},"loc":{"start":{"line":290,"column":34},"end":{"line":297,"column":1}},"line":290},"21":{"name":"updateProgressBars","decl":{"start":{"line":300,"column":9},"end":{"line":300,"column":27}},"loc":{"start":{"line":300,"column":30},"end":{"line":305,"column":1}},"line":300},"22":{"name":"showView","decl":{"start":{"line":308,"column":9},"end":{"line":308,"column":17}},"loc":{"start":{"line":308,"column":26},"end":{"line":316,"column":1}},"line":308},"23":{"name":"setupEventListeners","decl":{"start":{"line":319,"column":9},"end":{"line":319,"column":28}},"loc":{"start":{"line":319,"column":31},"end":{"line":347,"column":1}},"line":319},"24":{"name":"(anonymous_24)","decl":{"start":{"line":324,"column":43},"end":{"line":324,"column":44}},"loc":{"start":{"line":324,"column":49},"end":{"line":326,"column":5}},"line":324},"25":{"name":"(anonymous_25)","decl":{"start":{"line":335,"column":46},"end":{"line":335,"column":47}},"loc":{"start":{"line":335,"column":52},"end":{"line":335,"column":76}},"line":335},"26":{"name":"(anonymous_26)","decl":{"start":{"line":336,"column":44},"end":{"line":336,"column":45}},"loc":{"start":{"line":336,"column":50},"end":{"line":336,"column":72}},"line":336},"27":{"name":"(anonymous_27)","decl":{"start":{"line":337,"column":50},"end":{"line":337,"column":51}},"loc":{"start":{"line":337,"column":56},"end":{"line":337,"column":82}},"line":337},"28":{"name":"(anonymous_28)","decl":{"start":{"line":338,"column":46},"end":{"line":338,"column":47}},"loc":{"start":{"line":338,"column":52},"end":{"line":338,"column":78}},"line":338},"29":{"name":"togglePlayPause","decl":{"start":{"line":350,"column":16},"end":{"line":350,"column":31}},"loc":{"start":{"line":350,"column":34},"end":{"line":356,"column":1}},"line":350},"30":{"name":"handleProgressChange","decl":{"start":{"line":359,"column":9},"end":{"line":359,"column":29}},"loc":{"start":{"line":359,"column":33},"end":{"line":362,"column":1}},"line":359},"31":{"name":"toggleShuffle","decl":{"start":{"line":365,"column":9},"end":{"line":365,"column":22}},"loc":{"start":{"line":365,"column":25},"end":{"line":368,"column":1}},"line":365},"32":{"name":"toggleRepeat","decl":{"start":{"line":371,"column":9},"end":{"line":371,"column":21}},"loc":{"start":{"line":371,"column":24},"end":{"line":374,"column":1}},"line":371}},"branchMap":{"0":{"loc":{"start":{"line":64,"column":0},"end":{"line":64,"column":75}},"type":"if","locations":[{"start":{"line":64,"column":0},"end":{"line":64,"column":75}},{"start":{},"end":{}}],"line":64},"1":{"loc":{"start":{"line":64,"column":42},"end":{"line":64,"column":74}},"type":"cond-expr","locations":[{"start":{"line":64,"column":54},"end":{"line":64,"column":63}},{"start":{"line":64,"column":66},"end":{"line":64,"column":74}}],"line":64},"2":{"loc":{"start":{"line":147,"column":42},"end":{"line":147,"column":84}},"type":"cond-expr","locations":[{"start":{"line":147,"column":71},"end":{"line":147,"column":79}},{"start":{"line":147,"column":82},"end":{"line":147,"column":84}}],"line":147},"3":{"loc":{"start":{"line":158,"column":38},"end":{"line":158,"column":64}},"type":"cond-expr","locations":[{"start":{"line":158,"column":51},"end":{"line":158,"column":59}},{"start":{"line":158,"column":62},"end":{"line":158,"column":64}}],"line":158},"4":{"loc":{"start":{"line":159,"column":37},"end":{"line":159,"column":64}},"type":"cond-expr","locations":[{"start":{"line":159,"column":50},"end":{"line":159,"column":56}},{"start":{"line":159,"column":58},"end":{"line":159,"column":64}}],"line":159},"5":{"loc":{"start":{"line":170,"column":12},"end":{"line":177,"column":13}},"type":"if","locations":[{"start":{"line":170,"column":12},"end":{"line":177,"column":13}},{"start":{},"end":{}}],"line":170},"6":{"loc":{"start":{"line":170,"column":15},"end":{"line":170,"column":89}},"type":"binary-expr","locations":[{"start":{"line":170,"column":15},"end":{"line":170,"column":55}},{"start":{"line":170,"column":59},"end":{"line":170,"column":89}}],"line":170},"7":{"loc":{"start":{"line":196,"column":4},"end":{"line":206,"column":5}},"type":"if","locations":[{"start":{"line":196,"column":4},"end":{"line":206,"column":5}},{"start":{"line":204,"column":11},"end":{"line":206,"column":5}}],"line":196},"8":{"loc":{"start":{"line":196,"column":7},"end":{"line":196,"column":44}},"type":"binary-expr","locations":[{"start":{"line":196,"column":7},"end":{"line":196,"column":18}},{"start":{"line":196,"column":22},"end":{"line":196,"column":44}}],"line":196},"9":{"loc":{"start":{"line":201,"column":12},"end":{"line":201,"column":58}},"type":"if","locations":[{"start":{"line":201,"column":12},"end":{"line":201,"column":58}},{"start":{},"end":{}}],"line":201},"10":{"loc":{"start":{"line":213,"column":4},"end":{"line":216,"column":5}},"type":"if","locations":[{"start":{"line":213,"column":4},"end":{"line":216,"column":5}},{"start":{},"end":{}}],"line":213},"11":{"loc":{"start":{"line":223,"column":22},"end":{"line":223,"column":41}},"type":"cond-expr","locations":[{"start":{"line":223,"column":34},"end":{"line":223,"column":37}},{"start":{"line":223,"column":39},"end":{"line":223,"column":41}}],"line":223},"12":{"loc":{"start":{"line":236,"column":8},"end":{"line":246,"column":9}},"type":"if","locations":[{"start":{"line":236,"column":8},"end":{"line":246,"column":9}},{"start":{"line":239,"column":13},"end":{"line":246,"column":9}}],"line":236},"13":{"loc":{"start":{"line":240,"column":12},"end":{"line":245,"column":13}},"type":"if","locations":[{"start":{"line":240,"column":12},"end":{"line":245,"column":13}},{"start":{"line":243,"column":19},"end":{"line":245,"column":13}}],"line":240},"14":{"loc":{"start":{"line":260,"column":4},"end":{"line":268,"column":5}},"type":"if","locations":[{"start":{"line":260,"column":4},"end":{"line":268,"column":5}},{"start":{"line":266,"column":11},"end":{"line":268,"column":5}}],"line":260},"15":{"loc":{"start":{"line":264,"column":16},"end":{"line":264,"column":66}},"type":"binary-expr","locations":[{"start":{"line":264,"column":16},"end":{"line":264,"column":46}},{"start":{"line":264,"column":50},"end":{"line":264,"column":66}}],"line":264},"16":{"loc":{"start":{"line":272,"column":4},"end":{"line":272,"column":30}},"type":"if","locations":[{"start":{"line":272,"column":4},"end":{"line":272,"column":30}},{"start":{},"end":{}}],"line":272},"17":{"loc":{"start":{"line":277,"column":4},"end":{"line":283,"column":5}},"type":"if","locations":[{"start":{"line":277,"column":4},"end":{"line":283,"column":5}},{"start":{"line":280,"column":11},"end":{"line":283,"column":5}}],"line":277},"18":{"loc":{"start":{"line":286,"column":4},"end":{"line":286,"column":30}},"type":"if","locations":[{"start":{"line":286,"column":4},"end":{"line":286,"column":30}},{"start":{},"end":{}}],"line":286},"19":{"loc":{"start":{"line":294,"column":29},"end":{"line":294,"column":61}},"type":"cond-expr","locations":[{"start":{"line":294,"column":41},"end":{"line":294,"column":50}},{"start":{"line":294,"column":53},"end":{"line":294,"column":61}}],"line":294},"20":{"loc":{"start":{"line":295,"column":35},"end":{"line":295,"column":67}},"type":"cond-expr","locations":[{"start":{"line":295,"column":47},"end":{"line":295,"column":56}},{"start":{"line":295,"column":59},"end":{"line":295,"column":67}}],"line":295},"21":{"loc":{"start":{"line":296,"column":33},"end":{"line":296,"column":65}},"type":"cond-expr","locations":[{"start":{"line":296,"column":45},"end":{"line":296,"column":54}},{"start":{"line":296,"column":57},"end":{"line":296,"column":65}}],"line":296},"22":{"loc":{"start":{"line":351,"column":4},"end":{"line":355,"column":5}},"type":"if","locations":[{"start":{"line":351,"column":4},"end":{"line":355,"column":5}},{"start":{"line":353,"column":11},"end":{"line":355,"column":5}}],"line":351},"23":{"loc":{"start":{"line":367,"column":29},"end":{"line":367,"column":64}},"type":"cond-expr","locations":[{"start":{"line":367,"column":43},"end":{"line":367,"column":52}},{"start":{"line":367,"column":55},"end":{"line":367,"column":64}}],"line":367},"24":{"loc":{"start":{"line":373,"column":28},"end":{"line":373,"column":63}},"type":"cond-expr","locations":[{"start":{"line":373,"column":42},"end":{"line":373,"column":51}},{"start":{"line":373,"column":54},"end":{"line":373,"column":63}}],"line":373}},"s":{"0":1,"1":5,"2":1,"3":1,"4":1,"5":1,"6":1,"7":1,"8":1,"9":1,"10":1,"11":1,"12":1,"13":1,"14":1,"15":1,"16":1,"17":2,"18":1,"19":0,"20":1,"21":1,"22":1,"23":1,"24":1,"25":1,"26":1,"27":1,"28":1,"29":1,"30":1,"31":1,"32":1,"33":1,"34":1,"35":1,"36":1,"37":1,"38":1,"39":1,"40":1,"41":1,"42":1,"43":1,"44":0,"45":0,"46":0,"47":0,"48":2,"49":2,"50":0,"51":0,"52":0,"53":0,"54":0,"55":0,"56":0,"57":0,"58":0,"59":0,"60":0,"61":0,"62":0,"63":0,"64":0,"65":0,"66":0,"67":0,"68":0,"69":0,"70":0,"71":0,"72":0,"73":0,"74":0,"75":0,"76":0,"77":0,"78":0,"79":0,"80":0,"81":0,"82":0,"83":0,"84":0,"85":0,"86":0,"87":0,"88":0,"89":0,"90":0,"91":0,"92":0,"93":0,"94":0,"95":0,"96":0,"97":0,"98":0,"99":0,"100":0,"101":0,"102":0,"103":0,"104":0,"105":0,"106":0,"107":0,"108":0,"109":1,"110":1,"111":1,"112":0,"113":0,"114":0,"115":0,"116":0,"117":0,"118":0,"119":0,"120":0,"121":1,"122":1,"123":1,"124":0,"125":0,"126":0,"127":0,"128":0,"129":0,"130":0,"131":0,"132":0,"133":0,"134":0,"135":0,"136":0,"137":0,"138":0,"139":0,"140":2,"141":2,"142":2,"143":0,"144":0,"145":0,"146":0,"147":0,"148":0,"149":0,"150":0,"151":0,"152":0,"153":0,"154":0,"155":0,"156":0,"157":0,"158":0,"159":0,"160":0,"161":0,"162":0,"163":0,"164":0,"165":0,"166":0,"167":0,"168":0,"169":0,"170":0,"171":0,"172":0,"173":0,"174":0,"175":0,"176":0,"177":0,"178":0,"179":0,"180":0,"181":0,"182":0,"183":1,"184":1},"f":{"0":5,"1":2,"2":0,"3":2,"4":0,"5":0,"6":0,"7":0,"8":0,"9":0,"10":0,"11":0,"12":0,"13":0,"14":0,"15":1,"16":0,"17":1,"18":0,"19":0,"20":2,"21":0,"22":0,"23":0,"24":0,"25":0,"26":0,"27":0,"28":0,"29":0,"30":0,"31":0,"32":0},"b":{"0":[0,1],"1":[0,0],"2":[0,0],"3":[0,0],"4":[0,0],"5":[0,0],"6":[0,0],"7":[0,0],"8":[0,0],"9":[0,0],"10":[0,0],"11":[0,0],"12":[0,0],"13":[0,0],"14":[0,0],"15":[0,0],"16":[0,0],"17":[0,0],"18":[0,0],"19":[1,1],"20":[0,0],"21":[0,0],"22":[0,0],"23":[0,0],"24":[0,0]},"_coverageSchema":"1a1c01bbd47fc00a2c39e90264f33305004495a9","hash":"10bc853a012dea1cc6664ead88df90ed61ec8296"}
}
