{"C:\\Users\\user\\Documents\\AmaliTechTraining\\Labs\\music-player\\player.js": {"path":"C:\\Users\\user\\Documents\\AmaliTechTraining\\Labs\\music-player\\player.js","statementMap":{"0":{"start":{"line":5,"column":12},"end":{"line":5,"column":14}},"1":{"start":{"line":8,"column":4},"end":{"line":8,"column":21}},"2":{"start":{"line":12,"column":4},"end":{"line":12,"column":50}},"3":{"start":{"line":16,"column":16},"end":{"line":16,"column":21}},"4":{"start":{"line":18,"column":23},"end":{"line":18,"column":24}},"5":{"start":{"line":19,"column":23},"end":{"line":19,"column":24}},"6":{"start":{"line":20,"column":18},"end":{"line":20,"column":23}},"7":{"start":{"line":21,"column":18},"end":{"line":21,"column":23}},"8":{"start":{"line":25,"column":4},"end":{"line":25,"column":21}},"9":{"start":{"line":26,"column":4},"end":{"line":26,"column":28}},"10":{"start":{"line":27,"column":4},"end":{"line":27,"column":29}},"11":{"start":{"line":30,"column":4},"end":{"line":30,"column":20}},"12":{"start":{"line":33,"column":4},"end":{"line":45,"column":12}},"13":{"start":{"line":34,"column":8},"end":{"line":44,"column":9}},"14":{"start":{"line":35,"column":12},"end":{"line":35,"column":31}},"15":{"start":{"line":36,"column":12},"end":{"line":36,"column":33}},"16":{"start":{"line":38,"column":12},"end":{"line":43,"column":13}},"17":{"start":{"line":39,"column":16},"end":{"line":39,"column":37}},"18":{"start":{"line":40,"column":16},"end":{"line":40,"column":37}},"19":{"start":{"line":42,"column":16},"end":{"line":42,"column":27}},"20":{"start":{"line":50,"column":4},"end":{"line":50,"column":22}},"21":{"start":{"line":51,"column":4},"end":{"line":51,"column":29}},"22":{"start":{"line":52,"column":4},"end":{"line":52,"column":29}},"23":{"start":{"line":53,"column":4},"end":{"line":53,"column":34}},"24":{"start":{"line":58,"column":4},"end":{"line":66,"column":5}},"25":{"start":{"line":60,"column":8},"end":{"line":62,"column":68}},"26":{"start":{"line":61,"column":12},"end":{"line":61,"column":65}},"27":{"start":{"line":63,"column":8},"end":{"line":63,"column":37}},"28":{"start":{"line":65,"column":8},"end":{"line":65,"column":65}},"29":{"start":{"line":68,"column":4},"end":{"line":68,"column":25}},"30":{"start":{"line":69,"column":4},"end":{"line":69,"column":22}},"31":{"start":{"line":70,"column":4},"end":{"line":70,"column":30}},"32":{"start":{"line":70,"column":19},"end":{"line":70,"column":30}},"33":{"start":{"line":75,"column":4},"end":{"line":81,"column":5}},"34":{"start":{"line":77,"column":8},"end":{"line":77,"column":29}},"35":{"start":{"line":80,"column":8},"end":{"line":80,"column":80}},"36":{"start":{"line":83,"column":4},"end":{"line":83,"column":22}},"37":{"start":{"line":84,"column":4},"end":{"line":84,"column":30}},"38":{"start":{"line":84,"column":19},"end":{"line":84,"column":30}},"39":{"start":{"line":89,"column":21},"end":{"line":89,"column":51}},"40":{"start":{"line":90,"column":22},"end":{"line":90,"column":53}},"41":{"start":{"line":92,"column":4},"end":{"line":92,"column":62}},"42":{"start":{"line":93,"column":4},"end":{"line":93,"column":68}},"43":{"start":{"line":94,"column":4},"end":{"line":94,"column":66}},"44":{"start":{"line":99,"column":4},"end":{"line":99,"column":41}},"45":{"start":{"line":100,"column":4},"end":{"line":100,"column":47}},"46":{"start":{"line":101,"column":4},"end":{"line":101,"column":59}},"47":{"start":{"line":102,"column":4},"end":{"line":102,"column":65}},"48":{"start":{"line":107,"column":17},"end":{"line":107,"column":41}},"49":{"start":{"line":108,"column":17},"end":{"line":108,"column":41}},"50":{"start":{"line":109,"column":4},"end":{"line":109,"column":50}},"51":{"start":{"line":113,"column":27},"end":{"line":117,"column":1}}},"fnMap":{"0":{"name":"setSongs","decl":{"start":{"line":7,"column":16},"end":{"line":7,"column":24}},"loc":{"start":{"line":7,"column":35},"end":{"line":9,"column":1}},"line":7},"1":{"name":"getAudioPlayer","decl":{"start":{"line":11,"column":9},"end":{"line":11,"column":23}},"loc":{"start":{"line":11,"column":26},"end":{"line":13,"column":1}},"line":11},"2":{"name":"playSong","decl":{"start":{"line":24,"column":16},"end":{"line":24,"column":24}},"loc":{"start":{"line":24,"column":27},"end":{"line":46,"column":1}},"line":24},"3":{"name":"(anonymous_3)","decl":{"start":{"line":33,"column":33},"end":{"line":33,"column":34}},"loc":{"start":{"line":33,"column":39},"end":{"line":45,"column":5}},"line":33},"4":{"name":"pauseSong","decl":{"start":{"line":49,"column":16},"end":{"line":49,"column":25}},"loc":{"start":{"line":49,"column":28},"end":{"line":54,"column":1}},"line":49},"5":{"name":"nextSong","decl":{"start":{"line":57,"column":16},"end":{"line":57,"column":24}},"loc":{"start":{"line":57,"column":27},"end":{"line":71,"column":1}},"line":57},"6":{"name":"prevSong","decl":{"start":{"line":74,"column":16},"end":{"line":74,"column":24}},"loc":{"start":{"line":74,"column":27},"end":{"line":85,"column":1}},"line":74},"7":{"name":"updatePlayPauseButtons","decl":{"start":{"line":88,"column":16},"end":{"line":88,"column":38}},"loc":{"start":{"line":88,"column":41},"end":{"line":95,"column":1}},"line":88},"8":{"name":"updateProgressBars","decl":{"start":{"line":98,"column":16},"end":{"line":98,"column":34}},"loc":{"start":{"line":98,"column":37},"end":{"line":103,"column":1}},"line":98},"9":{"name":"formatTime","decl":{"start":{"line":106,"column":16},"end":{"line":106,"column":26}},"loc":{"start":{"line":106,"column":36},"end":{"line":110,"column":1}},"line":106}},"branchMap":{"0":{"loc":{"start":{"line":34,"column":8},"end":{"line":44,"column":9}},"type":"if","locations":[{"start":{"line":34,"column":8},"end":{"line":44,"column":9}},{"start":{"line":37,"column":13},"end":{"line":44,"column":9}}],"line":34},"1":{"loc":{"start":{"line":38,"column":12},"end":{"line":43,"column":13}},"type":"if","locations":[{"start":{"line":38,"column":12},"end":{"line":43,"column":13}},{"start":{"line":41,"column":19},"end":{"line":43,"column":13}}],"line":38},"2":{"loc":{"start":{"line":58,"column":4},"end":{"line":66,"column":5}},"type":"if","locations":[{"start":{"line":58,"column":4},"end":{"line":66,"column":5}},{"start":{"line":64,"column":11},"end":{"line":66,"column":5}}],"line":58},"3":{"loc":{"start":{"line":62,"column":16},"end":{"line":62,"column":66}},"type":"binary-expr","locations":[{"start":{"line":62,"column":16},"end":{"line":62,"column":46}},{"start":{"line":62,"column":50},"end":{"line":62,"column":66}}],"line":62},"4":{"loc":{"start":{"line":70,"column":4},"end":{"line":70,"column":30}},"type":"if","locations":[{"start":{"line":70,"column":4},"end":{"line":70,"column":30}},{"start":{},"end":{}}],"line":70},"5":{"loc":{"start":{"line":75,"column":4},"end":{"line":81,"column":5}},"type":"if","locations":[{"start":{"line":75,"column":4},"end":{"line":81,"column":5}},{"start":{"line":78,"column":11},"end":{"line":81,"column":5}}],"line":75},"6":{"loc":{"start":{"line":84,"column":4},"end":{"line":84,"column":30}},"type":"if","locations":[{"start":{"line":84,"column":4},"end":{"line":84,"column":30}},{"start":{},"end":{}}],"line":84},"7":{"loc":{"start":{"line":92,"column":29},"end":{"line":92,"column":61}},"type":"cond-expr","locations":[{"start":{"line":92,"column":41},"end":{"line":92,"column":50}},{"start":{"line":92,"column":53},"end":{"line":92,"column":61}}],"line":92},"8":{"loc":{"start":{"line":93,"column":35},"end":{"line":93,"column":67}},"type":"cond-expr","locations":[{"start":{"line":93,"column":47},"end":{"line":93,"column":56}},{"start":{"line":93,"column":59},"end":{"line":93,"column":67}}],"line":93},"9":{"loc":{"start":{"line":94,"column":33},"end":{"line":94,"column":65}},"type":"cond-expr","locations":[{"start":{"line":94,"column":45},"end":{"line":94,"column":54}},{"start":{"line":94,"column":57},"end":{"line":94,"column":65}}],"line":94},"10":{"loc":{"start":{"line":109,"column":22},"end":{"line":109,"column":41}},"type":"cond-expr","locations":[{"start":{"line":109,"column":34},"end":{"line":109,"column":37}},{"start":{"line":109,"column":39},"end":{"line":109,"column":41}}],"line":109}},"s":{"0":1,"1":5,"2":2,"3":1,"4":1,"5":1,"6":1,"7":1,"8":1,"9":1,"10":1,"11":1,"12":1,"13":0,"14":0,"15":0,"16":0,"17":0,"18":0,"19":0,"20":1,"21":1,"22":1,"23":1,"24":0,"25":0,"26":0,"27":0,"28":0,"29":0,"30":0,"31":0,"32":0,"33":0,"34":0,"35":0,"36":0,"37":0,"38":0,"39":2,"40":2,"41":2,"42":2,"43":2,"44":0,"45":0,"46":0,"47":0,"48":0,"49":0,"50":0,"51":1},"f":{"0":5,"1":2,"2":1,"3":0,"4":1,"5":0,"6":0,"7":2,"8":0,"9":0},"b":{"0":[0,0],"1":[0,0],"2":[0,0],"3":[0,0],"4":[0,0],"5":[0,0],"6":[0,0],"7":[1,1],"8":[1,1],"9":[1,1],"10":[0,0]},"_coverageSchema":"1a1c01bbd47fc00a2c39e90264f33305004495a9","hash":"e129c4c0ba90d9b27f869953be28642f618bd5b3"}
,"C:\\Users\\user\\Documents\\AmaliTechTraining\\Labs\\music-player\\scripts.js": {"path":"C:\\Users\\user\\Documents\\AmaliTechTraining\\Labs\\music-player\\scripts.js","statementMap":{"0":{"start":{"line":1,"column":12},"end":{"line":37,"column":1}},"1":{"start":{"line":42,"column":23},"end":{"line":42,"column":64}},"2":{"start":{"line":43,"column":19},"end":{"line":43,"column":56}},"3":{"start":{"line":44,"column":18},"end":{"line":44,"column":54}},"4":{"start":{"line":45,"column":19},"end":{"line":45,"column":56}},"5":{"start":{"line":46,"column":21},"end":{"line":46,"column":60}},"6":{"start":{"line":47,"column":20},"end":{"line":47,"column":58}},"7":{"start":{"line":48,"column":20},"end":{"line":48,"column":58}},"8":{"start":{"line":49,"column":18},"end":{"line":49,"column":54}},"9":{"start":{"line":50,"column":21},"end":{"line":50,"column":60}},"10":{"start":{"line":51,"column":19},"end":{"line":51,"column":56}},"11":{"start":{"line":52,"column":18},"end":{"line":52,"column":54}},"12":{"start":{"line":53,"column":16},"end":{"line":53,"column":50}},"13":{"start":{"line":54,"column":16},"end":{"line":54,"column":50}},"14":{"start":{"line":55,"column":24},"end":{"line":55,"column":66}},"15":{"start":{"line":56,"column":22},"end":{"line":56,"column":62}},"16":{"start":{"line":58,"column":4},"end":{"line":58,"column":50}},"17":{"start":{"line":62,"column":20},"end":{"line":62,"column":57}},"18":{"start":{"line":63,"column":24},"end":{"line":63,"column":66}},"19":{"start":{"line":64,"column":25},"end":{"line":64,"column":68}},"20":{"start":{"line":65,"column":19},"end":{"line":65,"column":56}},"21":{"start":{"line":66,"column":26},"end":{"line":66,"column":70}},"22":{"start":{"line":67,"column":26},"end":{"line":67,"column":70}},"23":{"start":{"line":68,"column":24},"end":{"line":68,"column":66}},"24":{"start":{"line":69,"column":27},"end":{"line":69,"column":72}},"25":{"start":{"line":70,"column":22},"end":{"line":70,"column":62}},"26":{"start":{"line":71,"column":22},"end":{"line":71,"column":62}},"27":{"start":{"line":72,"column":28},"end":{"line":72,"column":74}},"28":{"start":{"line":75,"column":21},"end":{"line":75,"column":60}},"29":{"start":{"line":76,"column":17},"end":{"line":76,"column":52}},"30":{"start":{"line":77,"column":24},"end":{"line":77,"column":66}},"31":{"start":{"line":78,"column":22},"end":{"line":78,"column":62}},"32":{"start":{"line":79,"column":18},"end":{"line":79,"column":54}},"33":{"start":{"line":80,"column":18},"end":{"line":80,"column":54}},"34":{"start":{"line":81,"column":19},"end":{"line":81,"column":56}},"35":{"start":{"line":82,"column":25},"end":{"line":82,"column":68}},"36":{"start":{"line":86,"column":23},"end":{"line":86,"column":24}},"37":{"start":{"line":87,"column":16},"end":{"line":87,"column":21}},"38":{"start":{"line":88,"column":23},"end":{"line":88,"column":24}},"39":{"start":{"line":89,"column":18},"end":{"line":89,"column":23}},"40":{"start":{"line":90,"column":18},"end":{"line":90,"column":23}},"41":{"start":{"line":96,"column":4},"end":{"line":96,"column":22}},"42":{"start":{"line":97,"column":4},"end":{"line":97,"column":21}},"43":{"start":{"line":98,"column":4},"end":{"line":98,"column":25}},"44":{"start":{"line":99,"column":4},"end":{"line":99,"column":26}},"45":{"start":{"line":104,"column":17},"end":{"line":104,"column":40}},"46":{"start":{"line":107,"column":4},"end":{"line":107,"column":32}},"47":{"start":{"line":108,"column":4},"end":{"line":108,"column":39}},"48":{"start":{"line":109,"column":4},"end":{"line":109,"column":41}},"49":{"start":{"line":110,"column":4},"end":{"line":110,"column":36}},"50":{"start":{"line":111,"column":4},"end":{"line":111,"column":36}},"51":{"start":{"line":112,"column":4},"end":{"line":112,"column":41}},"52":{"start":{"line":113,"column":4},"end":{"line":113,"column":54}},"53":{"start":{"line":114,"column":4},"end":{"line":114,"column":59}},"54":{"start":{"line":118,"column":4},"end":{"line":118,"column":29}},"55":{"start":{"line":121,"column":4},"end":{"line":121,"column":45}},"56":{"start":{"line":122,"column":4},"end":{"line":122,"column":47}},"57":{"start":{"line":123,"column":4},"end":{"line":123,"column":42}},"58":{"start":{"line":124,"column":4},"end":{"line":124,"column":47}},"59":{"start":{"line":125,"column":4},"end":{"line":125,"column":60}},"60":{"start":{"line":126,"column":4},"end":{"line":126,"column":65}},"61":{"start":{"line":129,"column":4},"end":{"line":129,"column":19}},"62":{"start":{"line":132,"column":4},"end":{"line":132,"column":31}},"63":{"start":{"line":133,"column":4},"end":{"line":133,"column":39}},"64":{"start":{"line":134,"column":4},"end":{"line":134,"column":41}},"65":{"start":{"line":139,"column":4},"end":{"line":139,"column":28}},"66":{"start":{"line":141,"column":4},"end":{"line":160,"column":7}},"67":{"start":{"line":142,"column":25},"end":{"line":142,"column":54}},"68":{"start":{"line":143,"column":8},"end":{"line":143,"column":87}},"69":{"start":{"line":144,"column":8},"end":{"line":144,"column":39}},"70":{"start":{"line":146,"column":8},"end":{"line":157,"column":10}},"71":{"start":{"line":159,"column":8},"end":{"line":159,"column":39}},"72":{"start":{"line":163,"column":22},"end":{"line":163,"column":61}},"73":{"start":{"line":164,"column":4},"end":{"line":175,"column":7}},"74":{"start":{"line":165,"column":8},"end":{"line":174,"column":11}},"75":{"start":{"line":166,"column":12},"end":{"line":173,"column":13}},"76":{"start":{"line":167,"column":30},"end":{"line":167,"column":58}},"77":{"start":{"line":168,"column":16},"end":{"line":168,"column":41}},"78":{"start":{"line":169,"column":16},"end":{"line":169,"column":37}},"79":{"start":{"line":170,"column":16},"end":{"line":170,"column":34}},"80":{"start":{"line":171,"column":16},"end":{"line":171,"column":27}},"81":{"start":{"line":172,"column":16},"end":{"line":172,"column":42}},"82":{"start":{"line":178,"column":24},"end":{"line":178,"column":62}},"83":{"start":{"line":179,"column":4},"end":{"line":185,"column":7}},"84":{"start":{"line":180,"column":8},"end":{"line":184,"column":11}},"85":{"start":{"line":181,"column":12},"end":{"line":181,"column":32}},"86":{"start":{"line":182,"column":27},"end":{"line":182,"column":54}},"87":{"start":{"line":183,"column":12},"end":{"line":183,"column":30}},"88":{"start":{"line":190,"column":17},"end":{"line":190,"column":40}},"89":{"start":{"line":192,"column":4},"end":{"line":202,"column":5}},"90":{"start":{"line":193,"column":8},"end":{"line":193,"column":34}},"91":{"start":{"line":194,"column":8},"end":{"line":199,"column":11}},"92":{"start":{"line":195,"column":22},"end":{"line":195,"column":49}},"93":{"start":{"line":196,"column":12},"end":{"line":196,"column":33}},"94":{"start":{"line":197,"column":12},"end":{"line":197,"column":58}},"95":{"start":{"line":197,"column":29},"end":{"line":197,"column":58}},"96":{"start":{"line":198,"column":12},"end":{"line":198,"column":38}},"97":{"start":{"line":201,"column":8},"end":{"line":201,"column":93}},"98":{"start":{"line":207,"column":22},"end":{"line":207,"column":65}},"99":{"start":{"line":207,"column":46},"end":{"line":207,"column":64}},"100":{"start":{"line":209,"column":4},"end":{"line":212,"column":5}},"101":{"start":{"line":210,"column":8},"end":{"line":210,"column":57}},"102":{"start":{"line":211,"column":8},"end":{"line":211,"column":25}},"103":{"start":{"line":218,"column":4},"end":{"line":218,"column":46}},"104":{"start":{"line":219,"column":4},"end":{"line":219,"column":42}},"105":{"start":{"line":220,"column":4},"end":{"line":220,"column":44}},"106":{"start":{"line":223,"column":4},"end":{"line":223,"column":60}},"107":{"start":{"line":229,"column":4},"end":{"line":229,"column":60}},"108":{"start":{"line":230,"column":4},"end":{"line":230,"column":66}},"109":{"start":{"line":231,"column":4},"end":{"line":231,"column":64}},"110":{"start":{"line":232,"column":4},"end":{"line":234,"column":6}},"111":{"start":{"line":233,"column":8},"end":{"line":233,"column":60}},"112":{"start":{"line":237,"column":4},"end":{"line":237,"column":48}},"113":{"start":{"line":238,"column":4},"end":{"line":238,"column":48}},"114":{"start":{"line":239,"column":4},"end":{"line":239,"column":54}},"115":{"start":{"line":240,"column":4},"end":{"line":240,"column":54}},"116":{"start":{"line":243,"column":4},"end":{"line":243,"column":78}},"117":{"start":{"line":243,"column":52},"end":{"line":243,"column":76}},"118":{"start":{"line":244,"column":4},"end":{"line":244,"column":74}},"119":{"start":{"line":244,"column":50},"end":{"line":244,"column":72}},"120":{"start":{"line":245,"column":4},"end":{"line":245,"column":84}},"121":{"start":{"line":245,"column":56},"end":{"line":245,"column":82}},"122":{"start":{"line":246,"column":4},"end":{"line":246,"column":80}},"123":{"start":{"line":246,"column":52},"end":{"line":246,"column":78}},"124":{"start":{"line":249,"column":4},"end":{"line":249,"column":64}},"125":{"start":{"line":250,"column":4},"end":{"line":250,"column":70}},"126":{"start":{"line":253,"column":4},"end":{"line":253,"column":56}},"127":{"start":{"line":254,"column":4},"end":{"line":254,"column":54}},"128":{"start":{"line":259,"column":4},"end":{"line":259,"column":21}},"129":{"start":{"line":260,"column":4},"end":{"line":260,"column":28}},"130":{"start":{"line":261,"column":4},"end":{"line":261,"column":29}},"131":{"start":{"line":264,"column":4},"end":{"line":264,"column":20}},"132":{"start":{"line":267,"column":4},"end":{"line":279,"column":12}},"133":{"start":{"line":268,"column":8},"end":{"line":278,"column":9}},"134":{"start":{"line":269,"column":12},"end":{"line":269,"column":31}},"135":{"start":{"line":270,"column":12},"end":{"line":270,"column":33}},"136":{"start":{"line":272,"column":12},"end":{"line":277,"column":13}},"137":{"start":{"line":273,"column":16},"end":{"line":273,"column":37}},"138":{"start":{"line":274,"column":16},"end":{"line":274,"column":37}},"139":{"start":{"line":276,"column":16},"end":{"line":276,"column":27}},"140":{"start":{"line":284,"column":4},"end":{"line":284,"column":22}},"141":{"start":{"line":285,"column":4},"end":{"line":285,"column":29}},"142":{"start":{"line":286,"column":4},"end":{"line":286,"column":29}},"143":{"start":{"line":287,"column":4},"end":{"line":287,"column":34}},"144":{"start":{"line":292,"column":4},"end":{"line":300,"column":5}},"145":{"start":{"line":294,"column":8},"end":{"line":296,"column":68}},"146":{"start":{"line":295,"column":12},"end":{"line":295,"column":65}},"147":{"start":{"line":297,"column":8},"end":{"line":297,"column":37}},"148":{"start":{"line":299,"column":8},"end":{"line":299,"column":65}},"149":{"start":{"line":302,"column":4},"end":{"line":302,"column":25}},"150":{"start":{"line":303,"column":4},"end":{"line":303,"column":22}},"151":{"start":{"line":304,"column":4},"end":{"line":304,"column":30}},"152":{"start":{"line":304,"column":19},"end":{"line":304,"column":30}},"153":{"start":{"line":309,"column":4},"end":{"line":315,"column":5}},"154":{"start":{"line":311,"column":8},"end":{"line":311,"column":29}},"155":{"start":{"line":314,"column":8},"end":{"line":314,"column":80}},"156":{"start":{"line":317,"column":4},"end":{"line":317,"column":22}},"157":{"start":{"line":318,"column":4},"end":{"line":318,"column":30}},"158":{"start":{"line":318,"column":19},"end":{"line":318,"column":30}},"159":{"start":{"line":323,"column":21},"end":{"line":323,"column":51}},"160":{"start":{"line":324,"column":22},"end":{"line":324,"column":53}},"161":{"start":{"line":326,"column":4},"end":{"line":326,"column":62}},"162":{"start":{"line":327,"column":4},"end":{"line":327,"column":68}},"163":{"start":{"line":328,"column":4},"end":{"line":328,"column":66}},"164":{"start":{"line":333,"column":4},"end":{"line":333,"column":41}},"165":{"start":{"line":334,"column":4},"end":{"line":334,"column":47}},"166":{"start":{"line":335,"column":4},"end":{"line":335,"column":59}},"167":{"start":{"line":336,"column":4},"end":{"line":336,"column":65}},"168":{"start":{"line":341,"column":17},"end":{"line":341,"column":41}},"169":{"start":{"line":342,"column":17},"end":{"line":342,"column":41}},"170":{"start":{"line":343,"column":4},"end":{"line":343,"column":50}},"171":{"start":{"line":349,"column":4},"end":{"line":353,"column":5}},"172":{"start":{"line":350,"column":8},"end":{"line":350,"column":20}},"173":{"start":{"line":352,"column":8},"end":{"line":352,"column":19}},"174":{"start":{"line":358,"column":4},"end":{"line":358,"column":48}},"175":{"start":{"line":359,"column":4},"end":{"line":359,"column":25}},"176":{"start":{"line":364,"column":4},"end":{"line":364,"column":31}},"177":{"start":{"line":365,"column":4},"end":{"line":365,"column":65}},"178":{"start":{"line":370,"column":4},"end":{"line":370,"column":31}},"179":{"start":{"line":371,"column":4},"end":{"line":371,"column":64}},"180":{"start":{"line":375,"column":4},"end":{"line":375,"column":21}},"181":{"start":{"line":381,"column":0},"end":{"line":381,"column":56}}},"fnMap":{"0":{"name":"getAudioPlayer","decl":{"start":{"line":57,"column":9},"end":{"line":57,"column":23}},"loc":{"start":{"line":57,"column":26},"end":{"line":59,"column":1}},"line":57},"1":{"name":"initPlayer","decl":{"start":{"line":95,"column":9},"end":{"line":95,"column":19}},"loc":{"start":{"line":95,"column":22},"end":{"line":100,"column":1}},"line":95},"2":{"name":"loadCurrentSong","decl":{"start":{"line":103,"column":16},"end":{"line":103,"column":31}},"loc":{"start":{"line":103,"column":34},"end":{"line":135,"column":1}},"line":103},"3":{"name":"renderPlaylist","decl":{"start":{"line":138,"column":9},"end":{"line":138,"column":23}},"loc":{"start":{"line":138,"column":26},"end":{"line":186,"column":1}},"line":138},"4":{"name":"(anonymous_4)","decl":{"start":{"line":141,"column":18},"end":{"line":141,"column":19}},"loc":{"start":{"line":141,"column":35},"end":{"line":160,"column":5}},"line":141},"5":{"name":"(anonymous_5)","decl":{"start":{"line":164,"column":22},"end":{"line":164,"column":23}},"loc":{"start":{"line":164,"column":30},"end":{"line":175,"column":5}},"line":164},"6":{"name":"(anonymous_6)","decl":{"start":{"line":165,"column":39},"end":{"line":165,"column":40}},"loc":{"start":{"line":165,"column":46},"end":{"line":174,"column":9}},"line":165},"7":{"name":"(anonymous_7)","decl":{"start":{"line":179,"column":24},"end":{"line":179,"column":25}},"loc":{"start":{"line":179,"column":34},"end":{"line":185,"column":5}},"line":179},"8":{"name":"(anonymous_8)","decl":{"start":{"line":180,"column":41},"end":{"line":180,"column":42}},"loc":{"start":{"line":180,"column":48},"end":{"line":184,"column":9}},"line":180},"9":{"name":"renderLyrics","decl":{"start":{"line":189,"column":9},"end":{"line":189,"column":21}},"loc":{"start":{"line":189,"column":24},"end":{"line":203,"column":1}},"line":189},"10":{"name":"(anonymous_10)","decl":{"start":{"line":194,"column":28},"end":{"line":194,"column":29}},"loc":{"start":{"line":194,"column":45},"end":{"line":199,"column":9}},"line":194},"11":{"name":"toggleLike","decl":{"start":{"line":206,"column":9},"end":{"line":206,"column":19}},"loc":{"start":{"line":206,"column":28},"end":{"line":213,"column":1}},"line":206},"12":{"name":"(anonymous_12)","decl":{"start":{"line":207,"column":38},"end":{"line":207,"column":39}},"loc":{"start":{"line":207,"column":46},"end":{"line":207,"column":64}},"line":207},"13":{"name":"showView","decl":{"start":{"line":216,"column":9},"end":{"line":216,"column":17}},"loc":{"start":{"line":216,"column":26},"end":{"line":224,"column":1}},"line":216},"14":{"name":"setupEventListeners","decl":{"start":{"line":227,"column":9},"end":{"line":227,"column":28}},"loc":{"start":{"line":227,"column":31},"end":{"line":255,"column":1}},"line":227},"15":{"name":"(anonymous_15)","decl":{"start":{"line":232,"column":43},"end":{"line":232,"column":44}},"loc":{"start":{"line":232,"column":49},"end":{"line":234,"column":5}},"line":232},"16":{"name":"(anonymous_16)","decl":{"start":{"line":243,"column":46},"end":{"line":243,"column":47}},"loc":{"start":{"line":243,"column":52},"end":{"line":243,"column":76}},"line":243},"17":{"name":"(anonymous_17)","decl":{"start":{"line":244,"column":44},"end":{"line":244,"column":45}},"loc":{"start":{"line":244,"column":50},"end":{"line":244,"column":72}},"line":244},"18":{"name":"(anonymous_18)","decl":{"start":{"line":245,"column":50},"end":{"line":245,"column":51}},"loc":{"start":{"line":245,"column":56},"end":{"line":245,"column":82}},"line":245},"19":{"name":"(anonymous_19)","decl":{"start":{"line":246,"column":46},"end":{"line":246,"column":47}},"loc":{"start":{"line":246,"column":52},"end":{"line":246,"column":78}},"line":246},"20":{"name":"playSong","decl":{"start":{"line":258,"column":16},"end":{"line":258,"column":24}},"loc":{"start":{"line":258,"column":27},"end":{"line":280,"column":1}},"line":258},"21":{"name":"(anonymous_21)","decl":{"start":{"line":267,"column":33},"end":{"line":267,"column":34}},"loc":{"start":{"line":267,"column":39},"end":{"line":279,"column":5}},"line":267},"22":{"name":"pauseSong","decl":{"start":{"line":283,"column":16},"end":{"line":283,"column":25}},"loc":{"start":{"line":283,"column":28},"end":{"line":288,"column":1}},"line":283},"23":{"name":"nextSong","decl":{"start":{"line":291,"column":16},"end":{"line":291,"column":24}},"loc":{"start":{"line":291,"column":27},"end":{"line":305,"column":1}},"line":291},"24":{"name":"prevSong","decl":{"start":{"line":308,"column":16},"end":{"line":308,"column":24}},"loc":{"start":{"line":308,"column":27},"end":{"line":319,"column":1}},"line":308},"25":{"name":"updatePlayPauseButtons","decl":{"start":{"line":322,"column":16},"end":{"line":322,"column":38}},"loc":{"start":{"line":322,"column":41},"end":{"line":329,"column":1}},"line":322},"26":{"name":"updateProgressBars","decl":{"start":{"line":332,"column":16},"end":{"line":332,"column":34}},"loc":{"start":{"line":332,"column":37},"end":{"line":337,"column":1}},"line":332},"27":{"name":"formatTime","decl":{"start":{"line":340,"column":16},"end":{"line":340,"column":26}},"loc":{"start":{"line":340,"column":36},"end":{"line":344,"column":1}},"line":340},"28":{"name":"togglePlayPause","decl":{"start":{"line":348,"column":9},"end":{"line":348,"column":24}},"loc":{"start":{"line":348,"column":27},"end":{"line":354,"column":1}},"line":348},"29":{"name":"handleProgressChange","decl":{"start":{"line":357,"column":9},"end":{"line":357,"column":29}},"loc":{"start":{"line":357,"column":33},"end":{"line":360,"column":1}},"line":357},"30":{"name":"toggleShuffle","decl":{"start":{"line":363,"column":9},"end":{"line":363,"column":22}},"loc":{"start":{"line":363,"column":25},"end":{"line":366,"column":1}},"line":363},"31":{"name":"toggleRepeat","decl":{"start":{"line":369,"column":9},"end":{"line":369,"column":21}},"loc":{"start":{"line":369,"column":24},"end":{"line":372,"column":1}},"line":369},"32":{"name":"setSongs","decl":{"start":{"line":374,"column":9},"end":{"line":374,"column":17}},"loc":{"start":{"line":374,"column":28},"end":{"line":376,"column":1}},"line":374}},"branchMap":{"0":{"loc":{"start":{"line":143,"column":42},"end":{"line":143,"column":84}},"type":"cond-expr","locations":[{"start":{"line":143,"column":71},"end":{"line":143,"column":79}},{"start":{"line":143,"column":82},"end":{"line":143,"column":84}}],"line":143},"1":{"loc":{"start":{"line":154,"column":38},"end":{"line":154,"column":64}},"type":"cond-expr","locations":[{"start":{"line":154,"column":51},"end":{"line":154,"column":59}},{"start":{"line":154,"column":62},"end":{"line":154,"column":64}}],"line":154},"2":{"loc":{"start":{"line":155,"column":37},"end":{"line":155,"column":64}},"type":"cond-expr","locations":[{"start":{"line":155,"column":50},"end":{"line":155,"column":56}},{"start":{"line":155,"column":58},"end":{"line":155,"column":64}}],"line":155},"3":{"loc":{"start":{"line":166,"column":12},"end":{"line":173,"column":13}},"type":"if","locations":[{"start":{"line":166,"column":12},"end":{"line":173,"column":13}},{"start":{},"end":{}}],"line":166},"4":{"loc":{"start":{"line":166,"column":15},"end":{"line":166,"column":89}},"type":"binary-expr","locations":[{"start":{"line":166,"column":15},"end":{"line":166,"column":55}},{"start":{"line":166,"column":59},"end":{"line":166,"column":89}}],"line":166},"5":{"loc":{"start":{"line":192,"column":4},"end":{"line":202,"column":5}},"type":"if","locations":[{"start":{"line":192,"column":4},"end":{"line":202,"column":5}},{"start":{"line":200,"column":11},"end":{"line":202,"column":5}}],"line":192},"6":{"loc":{"start":{"line":192,"column":7},"end":{"line":192,"column":44}},"type":"binary-expr","locations":[{"start":{"line":192,"column":7},"end":{"line":192,"column":18}},{"start":{"line":192,"column":22},"end":{"line":192,"column":44}}],"line":192},"7":{"loc":{"start":{"line":197,"column":12},"end":{"line":197,"column":58}},"type":"if","locations":[{"start":{"line":197,"column":12},"end":{"line":197,"column":58}},{"start":{},"end":{}}],"line":197},"8":{"loc":{"start":{"line":209,"column":4},"end":{"line":212,"column":5}},"type":"if","locations":[{"start":{"line":209,"column":4},"end":{"line":212,"column":5}},{"start":{},"end":{}}],"line":209},"9":{"loc":{"start":{"line":268,"column":8},"end":{"line":278,"column":9}},"type":"if","locations":[{"start":{"line":268,"column":8},"end":{"line":278,"column":9}},{"start":{"line":271,"column":13},"end":{"line":278,"column":9}}],"line":268},"10":{"loc":{"start":{"line":272,"column":12},"end":{"line":277,"column":13}},"type":"if","locations":[{"start":{"line":272,"column":12},"end":{"line":277,"column":13}},{"start":{"line":275,"column":19},"end":{"line":277,"column":13}}],"line":272},"11":{"loc":{"start":{"line":292,"column":4},"end":{"line":300,"column":5}},"type":"if","locations":[{"start":{"line":292,"column":4},"end":{"line":300,"column":5}},{"start":{"line":298,"column":11},"end":{"line":300,"column":5}}],"line":292},"12":{"loc":{"start":{"line":296,"column":16},"end":{"line":296,"column":66}},"type":"binary-expr","locations":[{"start":{"line":296,"column":16},"end":{"line":296,"column":46}},{"start":{"line":296,"column":50},"end":{"line":296,"column":66}}],"line":296},"13":{"loc":{"start":{"line":304,"column":4},"end":{"line":304,"column":30}},"type":"if","locations":[{"start":{"line":304,"column":4},"end":{"line":304,"column":30}},{"start":{},"end":{}}],"line":304},"14":{"loc":{"start":{"line":309,"column":4},"end":{"line":315,"column":5}},"type":"if","locations":[{"start":{"line":309,"column":4},"end":{"line":315,"column":5}},{"start":{"line":312,"column":11},"end":{"line":315,"column":5}}],"line":309},"15":{"loc":{"start":{"line":318,"column":4},"end":{"line":318,"column":30}},"type":"if","locations":[{"start":{"line":318,"column":4},"end":{"line":318,"column":30}},{"start":{},"end":{}}],"line":318},"16":{"loc":{"start":{"line":326,"column":29},"end":{"line":326,"column":61}},"type":"cond-expr","locations":[{"start":{"line":326,"column":41},"end":{"line":326,"column":50}},{"start":{"line":326,"column":53},"end":{"line":326,"column":61}}],"line":326},"17":{"loc":{"start":{"line":327,"column":35},"end":{"line":327,"column":67}},"type":"cond-expr","locations":[{"start":{"line":327,"column":47},"end":{"line":327,"column":56}},{"start":{"line":327,"column":59},"end":{"line":327,"column":67}}],"line":327},"18":{"loc":{"start":{"line":328,"column":33},"end":{"line":328,"column":65}},"type":"cond-expr","locations":[{"start":{"line":328,"column":45},"end":{"line":328,"column":54}},{"start":{"line":328,"column":57},"end":{"line":328,"column":65}}],"line":328},"19":{"loc":{"start":{"line":343,"column":22},"end":{"line":343,"column":41}},"type":"cond-expr","locations":[{"start":{"line":343,"column":34},"end":{"line":343,"column":37}},{"start":{"line":343,"column":39},"end":{"line":343,"column":41}}],"line":343},"20":{"loc":{"start":{"line":349,"column":4},"end":{"line":353,"column":5}},"type":"if","locations":[{"start":{"line":349,"column":4},"end":{"line":353,"column":5}},{"start":{"line":351,"column":11},"end":{"line":353,"column":5}}],"line":349},"21":{"loc":{"start":{"line":365,"column":29},"end":{"line":365,"column":64}},"type":"cond-expr","locations":[{"start":{"line":365,"column":43},"end":{"line":365,"column":52}},{"start":{"line":365,"column":55},"end":{"line":365,"column":64}}],"line":365},"22":{"loc":{"start":{"line":371,"column":28},"end":{"line":371,"column":63}},"type":"cond-expr","locations":[{"start":{"line":371,"column":42},"end":{"line":371,"column":51}},{"start":{"line":371,"column":54},"end":{"line":371,"column":63}}],"line":371}},"s":{"0":1,"1":1,"2":1,"3":1,"4":1,"5":1,"6":1,"7":1,"8":1,"9":1,"10":1,"11":1,"12":1,"13":1,"14":1,"15":1,"16":0,"17":1,"18":1,"19":1,"20":1,"21":1,"22":1,"23":1,"24":1,"25":1,"26":1,"27":1,"28":1,"29":1,"30":1,"31":1,"32":1,"33":1,"34":1,"35":1,"36":1,"37":1,"38":1,"39":1,"40":1,"41":0,"42":0,"43":0,"44":0,"45":2,"46":2,"47":0,"48":0,"49":0,"50":0,"51":0,"52":0,"53":0,"54":0,"55":0,"56":0,"57":0,"58":0,"59":0,"60":0,"61":0,"62":0,"63":0,"64":0,"65":0,"66":0,"67":0,"68":0,"69":0,"70":0,"71":0,"72":0,"73":0,"74":0,"75":0,"76":0,"77":0,"78":0,"79":0,"80":0,"81":0,"82":0,"83":0,"84":0,"85":0,"86":0,"87":0,"88":0,"89":0,"90":0,"91":0,"92":0,"93":0,"94":0,"95":0,"96":0,"97":0,"98":0,"99":0,"100":0,"101":0,"102":0,"103":0,"104":0,"105":0,"106":0,"107":0,"108":0,"109":0,"110":0,"111":0,"112":0,"113":0,"114":0,"115":0,"116":0,"117":0,"118":0,"119":0,"120":0,"121":0,"122":0,"123":0,"124":0,"125":0,"126":0,"127":0,"128":0,"129":0,"130":0,"131":0,"132":0,"133":0,"134":0,"135":0,"136":0,"137":0,"138":0,"139":0,"140":0,"141":0,"142":0,"143":0,"144":0,"145":0,"146":0,"147":0,"148":0,"149":0,"150":0,"151":0,"152":0,"153":0,"154":0,"155":0,"156":0,"157":0,"158":0,"159":0,"160":0,"161":0,"162":0,"163":0,"164":0,"165":0,"166":0,"167":0,"168":0,"169":0,"170":0,"171":0,"172":0,"173":0,"174":0,"175":0,"176":0,"177":0,"178":0,"179":0,"180":0,"181":1},"f":{"0":0,"1":0,"2":2,"3":0,"4":0,"5":0,"6":0,"7":0,"8":0,"9":0,"10":0,"11":0,"12":0,"13":0,"14":0,"15":0,"16":0,"17":0,"18":0,"19":0,"20":0,"21":0,"22":0,"23":0,"24":0,"25":0,"26":0,"27":0,"28":0,"29":0,"30":0,"31":0,"32":0},"b":{"0":[0,0],"1":[0,0],"2":[0,0],"3":[0,0],"4":[0,0],"5":[0,0],"6":[0,0],"7":[0,0],"8":[0,0],"9":[0,0],"10":[0,0],"11":[0,0],"12":[0,0],"13":[0,0],"14":[0,0],"15":[0,0],"16":[0,0],"17":[0,0],"18":[0,0],"19":[0,0],"20":[0,0],"21":[0,0],"22":[0,0]},"_coverageSchema":"1a1c01bbd47fc00a2c39e90264f33305004495a9","hash":"b27e03d0378f5bc71c884abf797f79d2e438c2dc"}
}
