TN:
SF:scripts.js
FN:39,setSongs
FN:60,getAudioPlayer
FN:99,initPlayer
FN:107,loadCurrentSong
FN:142,renderPlaylist
FN:145,(anonymous_5)
FN:168,(anonymous_6)
FN:169,(anonymous_7)
FN:183,(anonymous_8)
FN:184,(anonymous_9)
FN:193,renderLyrics
FN:198,(anonymous_11)
FN:210,toggleLike
FN:211,(anonymous_13)
FN:220,formatTime
FN:226,playSong
FN:235,(anonymous_16)
FN:251,pauseSong
FN:259,nextSong
FN:276,prevSong
FN:290,updatePlayPauseButtons
FN:300,updateProgressBars
FN:308,showView
FN:319,setupEventListeners
FN:324,(anonymous_24)
FN:335,(anonymous_25)
FN:336,(anonymous_26)
FN:337,(anonymous_27)
FN:338,(anonymous_28)
FN:350,togglePlayPause
FN:359,handleProgressChange
FN:365,toggleShuffle
FN:371,toggleRepeat
FNF:33
FNH:6
FNDA:5,setSongs
FNDA:2,getAudioPlayer
FNDA:0,initPlayer
FNDA:2,loadCurrentSong
FNDA:0,renderPlaylist
FNDA:0,(anonymous_5)
FNDA:0,(anonymous_6)
FNDA:0,(anonymous_7)
FNDA:0,(anonymous_8)
FNDA:0,(anonymous_9)
FNDA:0,renderLyrics
FNDA:0,(anonymous_11)
FNDA:0,toggleLike
FNDA:0,(anonymous_13)
FNDA:0,formatTime
FNDA:1,playSong
FNDA:0,(anonymous_16)
FNDA:1,pauseSong
FNDA:0,nextSong
FNDA:0,prevSong
FNDA:2,updatePlayPauseButtons
FNDA:0,updateProgressBars
FNDA:0,showView
FNDA:0,setupEventListeners
FNDA:0,(anonymous_24)
FNDA:0,(anonymous_25)
FNDA:0,(anonymous_26)
FNDA:0,(anonymous_27)
FNDA:0,(anonymous_28)
FNDA:0,togglePlayPause
FNDA:0,handleProgressChange
FNDA:0,toggleShuffle
FNDA:0,toggleRepeat
DA:1,1
DA:40,5
DA:45,1
DA:46,1
DA:47,1
DA:48,1
DA:49,1
DA:50,1
DA:51,1
DA:52,1
DA:53,1
DA:54,1
DA:55,1
DA:56,1
DA:57,1
DA:58,1
DA:59,1
DA:61,2
DA:64,1
DA:67,1
DA:68,1
DA:69,1
DA:70,1
DA:71,1
DA:72,1
DA:73,1
DA:74,1
DA:75,1
DA:76,1
DA:77,1
DA:80,1
DA:81,1
DA:82,1
DA:83,1
DA:84,1
DA:85,1
DA:86,1
DA:87,1
DA:91,1
DA:92,1
DA:93,1
DA:94,1
DA:95,1
DA:100,0
DA:101,0
DA:102,0
DA:103,0
DA:108,2
DA:111,2
DA:112,0
DA:113,0
DA:114,0
DA:115,0
DA:116,0
DA:117,0
DA:118,0
DA:122,0
DA:125,0
DA:126,0
DA:127,0
DA:128,0
DA:129,0
DA:130,0
DA:133,0
DA:136,0
DA:137,0
DA:138,0
DA:143,0
DA:145,0
DA:146,0
DA:147,0
DA:148,0
DA:150,0
DA:163,0
DA:167,0
DA:168,0
DA:169,0
DA:170,0
DA:171,0
DA:172,0
DA:173,0
DA:174,0
DA:175,0
DA:176,0
DA:182,0
DA:183,0
DA:184,0
DA:185,0
DA:186,0
DA:187,0
DA:194,0
DA:196,0
DA:197,0
DA:198,0
DA:199,0
DA:200,0
DA:201,0
DA:202,0
DA:205,0
DA:211,0
DA:213,0
DA:214,0
DA:215,0
DA:221,0
DA:222,0
DA:223,0
DA:227,1
DA:228,1
DA:229,1
DA:232,0
DA:235,0
DA:236,0
DA:237,0
DA:238,0
DA:240,0
DA:241,0
DA:242,0
DA:244,0
DA:252,1
DA:253,1
DA:254,1
DA:255,0
DA:260,0
DA:262,0
DA:263,0
DA:265,0
DA:267,0
DA:270,0
DA:271,0
DA:272,0
DA:277,0
DA:279,0
DA:282,0
DA:285,0
DA:286,0
DA:291,2
DA:292,2
DA:294,2
DA:295,0
DA:296,0
DA:301,0
DA:302,0
DA:303,0
DA:304,0
DA:310,0
DA:311,0
DA:312,0
DA:315,0
DA:321,0
DA:322,0
DA:323,0
DA:324,0
DA:325,0
DA:329,0
DA:330,0
DA:331,0
DA:332,0
DA:335,0
DA:336,0
DA:337,0
DA:338,0
DA:341,0
DA:342,0
DA:345,0
DA:346,0
DA:351,0
DA:352,0
DA:354,0
DA:360,0
DA:361,0
DA:366,0
DA:367,0
DA:372,0
DA:373,0
DA:379,1
DA:381,1
LF:176
LH:56
BRDA:64,0,0,0
BRDA:64,0,1,1
BRDA:64,1,0,0
BRDA:64,1,1,0
BRDA:147,2,0,0
BRDA:147,2,1,0
BRDA:158,3,0,0
BRDA:158,3,1,0
BRDA:159,4,0,0
BRDA:159,4,1,0
BRDA:170,5,0,0
BRDA:170,5,1,0
BRDA:170,6,0,0
BRDA:170,6,1,0
BRDA:196,7,0,0
BRDA:196,7,1,0
BRDA:196,8,0,0
BRDA:196,8,1,0
BRDA:201,9,0,0
BRDA:201,9,1,0
BRDA:213,10,0,0
BRDA:213,10,1,0
BRDA:223,11,0,0
BRDA:223,11,1,0
BRDA:236,12,0,0
BRDA:236,12,1,0
BRDA:240,13,0,0
BRDA:240,13,1,0
BRDA:260,14,0,0
BRDA:260,14,1,0
BRDA:264,15,0,0
BRDA:264,15,1,0
BRDA:272,16,0,0
BRDA:272,16,1,0
BRDA:277,17,0,0
BRDA:277,17,1,0
BRDA:286,18,0,0
BRDA:286,18,1,0
BRDA:294,19,0,1
BRDA:294,19,1,1
BRDA:295,20,0,0
BRDA:295,20,1,0
BRDA:296,21,0,0
BRDA:296,21,1,0
BRDA:351,22,0,0
BRDA:351,22,1,0
BRDA:367,23,0,0
BRDA:367,23,1,0
BRDA:373,24,0,0
BRDA:373,24,1,0
BRF:50
BRH:3
end_of_record
