TN:
SF:player.js
FN:7,setSongs
FN:11,getAudioPlayer
FN:24,playSong
FN:33,(anonymous_3)
FN:49,pauseSong
FN:57,nextSong
FN:74,prevSong
FN:88,updatePlayPauseButtons
FN:98,updateProgressBars
FN:106,formatTime
FNF:10
FNH:5
FNDA:5,setSongs
FNDA:2,getAudioPlayer
FNDA:1,playSong
FNDA:0,(anonymous_3)
FNDA:1,pauseSong
FNDA:0,nextSong
FNDA:0,prevSong
FNDA:2,updatePlayPauseButtons
FNDA:0,updateProgressBars
FNDA:0,formatTime
DA:5,1
DA:8,5
DA:12,2
DA:16,1
DA:18,1
DA:19,1
DA:20,1
DA:21,1
DA:25,1
DA:26,1
DA:27,1
DA:30,1
DA:33,1
DA:34,0
DA:35,0
DA:36,0
DA:38,0
DA:39,0
DA:40,0
DA:42,0
DA:50,1
DA:51,1
DA:52,1
DA:53,1
DA:58,0
DA:60,0
DA:61,0
DA:63,0
DA:65,0
DA:68,0
DA:69,0
DA:70,0
DA:75,0
DA:77,0
DA:80,0
DA:83,0
DA:84,0
DA:89,2
DA:90,2
DA:92,2
DA:93,2
DA:94,2
DA:99,0
DA:100,0
DA:101,0
DA:102,0
DA:107,0
DA:108,0
DA:109,0
DA:113,1
LF:50
LH:23
BRDA:34,0,0,0
BRDA:34,0,1,0
BRDA:38,1,0,0
BRDA:38,1,1,0
BRDA:58,2,0,0
BRDA:58,2,1,0
BRDA:62,3,0,0
BRDA:62,3,1,0
BRDA:70,4,0,0
BRDA:70,4,1,0
BRDA:75,5,0,0
BRDA:75,5,1,0
BRDA:84,6,0,0
BRDA:84,6,1,0
BRDA:92,7,0,1
BRDA:92,7,1,1
BRDA:93,8,0,1
BRDA:93,8,1,1
BRDA:94,9,0,1
BRDA:94,9,1,1
BRDA:109,10,0,0
BRDA:109,10,1,0
BRF:22
BRH:6
end_of_record
TN:
SF:scripts.js
FN:57,getAudioPlayer
FN:95,initPlayer
FN:103,loadCurrentSong
FN:138,renderPlaylist
FN:141,(anonymous_4)
FN:164,(anonymous_5)
FN:165,(anonymous_6)
FN:179,(anonymous_7)
FN:180,(anonymous_8)
FN:189,renderLyrics
FN:194,(anonymous_10)
FN:206,toggleLike
FN:207,(anonymous_12)
FN:216,showView
FN:227,setupEventListeners
FN:232,(anonymous_15)
FN:243,(anonymous_16)
FN:244,(anonymous_17)
FN:245,(anonymous_18)
FN:246,(anonymous_19)
FN:258,playSong
FN:267,(anonymous_21)
FN:283,pauseSong
FN:291,nextSong
FN:308,prevSong
FN:322,updatePlayPauseButtons
FN:332,updateProgressBars
FN:340,formatTime
FN:348,togglePlayPause
FN:357,handleProgressChange
FN:363,toggleShuffle
FN:369,toggleRepeat
FN:374,setSongs
FNF:33
FNH:1
FNDA:0,getAudioPlayer
FNDA:0,initPlayer
FNDA:2,loadCurrentSong
FNDA:0,renderPlaylist
FNDA:0,(anonymous_4)
FNDA:0,(anonymous_5)
FNDA:0,(anonymous_6)
FNDA:0,(anonymous_7)
FNDA:0,(anonymous_8)
FNDA:0,renderLyrics
FNDA:0,(anonymous_10)
FNDA:0,toggleLike
FNDA:0,(anonymous_12)
FNDA:0,showView
FNDA:0,setupEventListeners
FNDA:0,(anonymous_15)
FNDA:0,(anonymous_16)
FNDA:0,(anonymous_17)
FNDA:0,(anonymous_18)
FNDA:0,(anonymous_19)
FNDA:0,playSong
FNDA:0,(anonymous_21)
FNDA:0,pauseSong
FNDA:0,nextSong
FNDA:0,prevSong
FNDA:0,updatePlayPauseButtons
FNDA:0,updateProgressBars
FNDA:0,formatTime
FNDA:0,togglePlayPause
FNDA:0,handleProgressChange
FNDA:0,toggleShuffle
FNDA:0,toggleRepeat
FNDA:0,setSongs
DA:1,1
DA:42,1
DA:43,1
DA:44,1
DA:45,1
DA:46,1
DA:47,1
DA:48,1
DA:49,1
DA:50,1
DA:51,1
DA:52,1
DA:53,1
DA:54,1
DA:55,1
DA:56,1
DA:58,0
DA:62,1
DA:63,1
DA:64,1
DA:65,1
DA:66,1
DA:67,1
DA:68,1
DA:69,1
DA:70,1
DA:71,1
DA:72,1
DA:75,1
DA:76,1
DA:77,1
DA:78,1
DA:79,1
DA:80,1
DA:81,1
DA:82,1
DA:86,1
DA:87,1
DA:88,1
DA:89,1
DA:90,1
DA:96,0
DA:97,0
DA:98,0
DA:99,0
DA:104,2
DA:107,2
DA:108,0
DA:109,0
DA:110,0
DA:111,0
DA:112,0
DA:113,0
DA:114,0
DA:118,0
DA:121,0
DA:122,0
DA:123,0
DA:124,0
DA:125,0
DA:126,0
DA:129,0
DA:132,0
DA:133,0
DA:134,0
DA:139,0
DA:141,0
DA:142,0
DA:143,0
DA:144,0
DA:146,0
DA:159,0
DA:163,0
DA:164,0
DA:165,0
DA:166,0
DA:167,0
DA:168,0
DA:169,0
DA:170,0
DA:171,0
DA:172,0
DA:178,0
DA:179,0
DA:180,0
DA:181,0
DA:182,0
DA:183,0
DA:190,0
DA:192,0
DA:193,0
DA:194,0
DA:195,0
DA:196,0
DA:197,0
DA:198,0
DA:201,0
DA:207,0
DA:209,0
DA:210,0
DA:211,0
DA:218,0
DA:219,0
DA:220,0
DA:223,0
DA:229,0
DA:230,0
DA:231,0
DA:232,0
DA:233,0
DA:237,0
DA:238,0
DA:239,0
DA:240,0
DA:243,0
DA:244,0
DA:245,0
DA:246,0
DA:249,0
DA:250,0
DA:253,0
DA:254,0
DA:259,0
DA:260,0
DA:261,0
DA:264,0
DA:267,0
DA:268,0
DA:269,0
DA:270,0
DA:272,0
DA:273,0
DA:274,0
DA:276,0
DA:284,0
DA:285,0
DA:286,0
DA:287,0
DA:292,0
DA:294,0
DA:295,0
DA:297,0
DA:299,0
DA:302,0
DA:303,0
DA:304,0
DA:309,0
DA:311,0
DA:314,0
DA:317,0
DA:318,0
DA:323,0
DA:324,0
DA:326,0
DA:327,0
DA:328,0
DA:333,0
DA:334,0
DA:335,0
DA:336,0
DA:341,0
DA:342,0
DA:343,0
DA:349,0
DA:350,0
DA:352,0
DA:358,0
DA:359,0
DA:364,0
DA:365,0
DA:370,0
DA:371,0
DA:375,0
DA:381,1
LF:174
LH:43
BRDA:143,0,0,0
BRDA:143,0,1,0
BRDA:154,1,0,0
BRDA:154,1,1,0
BRDA:155,2,0,0
BRDA:155,2,1,0
BRDA:166,3,0,0
BRDA:166,3,1,0
BRDA:166,4,0,0
BRDA:166,4,1,0
BRDA:192,5,0,0
BRDA:192,5,1,0
BRDA:192,6,0,0
BRDA:192,6,1,0
BRDA:197,7,0,0
BRDA:197,7,1,0
BRDA:209,8,0,0
BRDA:209,8,1,0
BRDA:268,9,0,0
BRDA:268,9,1,0
BRDA:272,10,0,0
BRDA:272,10,1,0
BRDA:292,11,0,0
BRDA:292,11,1,0
BRDA:296,12,0,0
BRDA:296,12,1,0
BRDA:304,13,0,0
BRDA:304,13,1,0
BRDA:309,14,0,0
BRDA:309,14,1,0
BRDA:318,15,0,0
BRDA:318,15,1,0
BRDA:326,16,0,0
BRDA:326,16,1,0
BRDA:327,17,0,0
BRDA:327,17,1,0
BRDA:328,18,0,0
BRDA:328,18,1,0
BRDA:343,19,0,0
BRDA:343,19,1,0
BRDA:349,20,0,0
BRDA:349,20,1,0
BRDA:365,21,0,0
BRDA:365,21,1,0
BRDA:371,22,0,0
BRDA:371,22,1,0
BRF:46
BRH:0
end_of_record
